2026-04-10 04:58:06,106 [INFO] app.main: Shutting down...
2026-04-10 04:58:23,551 [INFO] app.main: Shutting down...
2026-04-10 04:58:30,846 [INFO] app.main: Shutting down...
2026-04-10 04:59:47,589 [INFO] app.main: Shutting down...
2026-04-10 05:01:35,654 [INFO] app.main: Shutting down...
2026-04-10 05:01:42,536 [INFO] app.main: Shutting down...
2026-04-10 05:01:47,798 [INFO] app.main: Shutting down...
2026-04-10 05:02:16,732 [INFO] app.main: Shutting down...
2026-04-10 05:02:20,827 [INFO] app.main: Shutting down...
2026-04-10 05:02:46,012 [INFO] app.services.agent_service: Fetching GDELT data and initializing...
2026-04-10 05:02:50,927 [INFO] app.services.agent_service: DB initiated. Agent started at 2026-04-10 05:02:50.927878...
2026-04-10 05:02:50,928 [INFO] app.services.agent_service: Total URLs to process:    32 

2026-04-10 05:02:52,790 [INFO] app.services.agent_service: Cache hit for hash: fc8feab6bf5e7caf03e58144d4d57f01
2026-04-10 05:02:52,790 [INFO] app.services.agent_service: FULL CACHE HIT → skipping processing 

2026-04-10 05:02:53,551 [INFO] app.services.agent_service: Cache hit for hash: 03011f042c49747bbf6607f30094b5b0
2026-04-10 05:02:53,552 [INFO] app.services.agent_service: FULL CACHE HIT → skipping processing 

2026-04-10 05:02:53,658 [INFO] app.services.agent_service: Cache hit for hash: 37006eea110258c6e709a952c2af84da
2026-04-10 05:02:53,658 [INFO] app.services.agent_service: FULL CACHE HIT → skipping processing 

2026-04-10 05:02:54,886 [INFO] app.services.agent_service: Cache hit for hash: 94ef2152c17f092f6d755aa2f7e9ca89
2026-04-10 05:02:54,887 [INFO] app.services.agent_service: FULL CACHE HIT → skipping processing 

2026-04-10 05:02:55,002 [INFO] app.services.agent_service: Cache hit for hash: 4f120642825122bbbcc77793bae69bd0
2026-04-10 05:02:55,002 [INFO] app.services.agent_service: FULL CACHE HIT → skipping processing 

2026-04-10 05:02:55,112 [INFO] app.services.agent_service: Cache hit for hash: a129ecf6c6ec9abecdd6c4c8e1c776bb
2026-04-10 05:02:55,112 [INFO] app.services.agent_service: FULL CACHE HIT → skipping processing 

2026-04-10 05:02:55,443 [INFO] app.services.agent_service: Cache hit for hash: 762b3bb4e52fcab7ffb582084c86d6f4
2026-04-10 05:02:55,443 [INFO] app.services.agent_service: FULL CACHE HIT → skipping processing 

2026-04-10 05:02:55,617 [INFO] app.services.agent_service: Invalid text or too short, skipping url: https://jmonline.com.br/polici ... 

2026-04-10 05:02:55,618 [INFO] app.services.agent_service: Irrelevant URL, skipping: https://g1.globo.com/pi/piaui/ ...
2026-04-10 05:02:55,670 [INFO] app.services.agent_service: Invalid text or too short, skipping url: https://jmonline.com.br/polici ... 

2026-04-10 05:02:55,739 [INFO] app.services.agent_service: Invalid text or too short, skipping url: https://www.jmonline.com.br/po ... 

2026-04-10 05:02:55,739 [INFO] app.services.agent_service: Irrelevant URL, skipping: https://g1.globo.com/pi/piaui/ ...
2026-04-10 05:02:55,739 [INFO] app.services.agent_service: Irrelevant URL, skipping: https://g1.globo.com/pi/piaui/ ...
2026-04-10 05:02:55,740 [INFO] app.services.agent_service: Irrelevant URL, skipping: https://www.agorams.com.br/pmr ...
2026-04-10 05:02:55,740 [INFO] app.services.agent_service: Irrelevant URL, skipping: https://g1.globo.com/pi/piaui/ ...
2026-04-10 05:02:55,740 [INFO] app.services.agent_service: Irrelevant URL, skipping: https://g1.globo.com/pi/piaui/ ...
2026-04-10 05:02:55,740 [INFO] app.services.agent_service: Irrelevant URL, skipping: https://g1.globo.com/pi/piaui/ ...
2026-04-10 05:02:55,741 [INFO] app.services.agent_service: Irrelevant URL, skipping: https://jmonline.com.br/polici ...
2026-04-10 05:02:55,741 [INFO] app.services.agent_service: Irrelevant URL, skipping: https://www.jmonline.com.br/po ...
2026-04-10 05:02:55,741 [INFO] app.services.agent_service: Irrelevant URL, skipping: https://www.diariodigital.com. ...
2026-04-10 05:02:55,741 [INFO] app.services.agent_service: Irrelevant URL, skipping: https://g1.globo.com/pi/piaui/ ...
2026-04-10 05:02:55,741 [INFO] app.services.agent_service: Irrelevant URL, skipping: https://g1.globo.com/pi/piaui/ ...
2026-04-10 05:02:55,742 [INFO] app.services.agent_service: Irrelevant URL, skipping: https://g1.globo.com/pi/piaui/ ...
2026-04-10 05:02:55,742 [INFO] app.services.agent_service: Irrelevant URL, skipping: https://www.correio24horas.com ...
2026-04-10 05:02:55,742 [INFO] app.services.agent_service: Irrelevant URL, skipping: https://g1.globo.com/pi/piaui/ ...
2026-04-10 05:02:55,742 [INFO] app.services.agent_service: Irrelevant URL, skipping: https://tnonline.uol.com.br/no ...
2026-04-10 05:02:55,742 [INFO] app.services.agent_service: Irrelevant URL, skipping: https://tnonline.uol.com.br/no ...
2026-04-10 05:02:55,743 [INFO] app.services.agent_service: Irrelevant URL, skipping: https://noticiasdatv.uol.com.b ...
2026-04-10 05:02:55,743 [INFO] app.services.agent_service: Irrelevant URL, skipping: https://regiaonoroeste.com/pol ...
2026-04-10 05:02:55,743 [INFO] app.services.agent_service: Irrelevant URL, skipping: https://g1.globo.com/rs/rio-gr ...
2026-04-10 05:02:55,743 [INFO] app.services.agent_service: Irrelevant URL, skipping: https://www.aplateia.com.br/20 ...
2026-04-10 05:02:55,743 [INFO] app.services.agent_service: Irrelevant URL, skipping: https://g1.globo.com/sp/campin ...
2026-04-10 05:02:55,744 [INFO] app.services.agent_service: Completed. 

2026-04-10 05:06:32,786 [INFO] app.main: Shutting down...
2026-04-10 05:08:56,662 [INFO] app.main: Shutting down...
2026-04-10 05:09:08,242 [INFO] app.main: Shutting down...
2026-04-10 05:09:11,499 [INFO] app.main: Shutting down...
2026-04-10 05:09:17,190 [INFO] app.main: Shutting down...
2026-04-10 05:09:39,570 [INFO] app.main: Shutting down...
2026-04-10 05:09:52,197 [INFO] app.main: Shutting down...
2026-04-10 05:10:00,197 [INFO] app.main: Shutting down...
2026-04-10 05:10:04,564 [INFO] app.main: Shutting down...
2026-04-10 05:10:10,948 [INFO] app.main: Shutting down...
2026-04-10 05:11:06,721 [INFO] app.services.agent_service: Fetching GDELT data and initializing...
2026-04-10 05:12:06,517 [INFO] app.services.agent_service: DB initiated. Agent started at 2026-04-10 05:12:06.517919
2026-04-10 05:12:06,518 [INFO] app.services.agent_service: Total URLs to process: 32
2026-04-10 05:12:08,249 [INFO] app.services.agent_service: Cache hit for hash: fc8feab6bf5e7caf03e58144d4d57f01
2026-04-10 05:12:08,249 [INFO] app.services.agent_service: FULL CACHE HIT → skipping processing 

2026-04-10 05:12:08,881 [INFO] app.services.agent_service: Cache hit for hash: 03011f042c49747bbf6607f30094b5b0
2026-04-10 05:12:08,881 [INFO] app.services.agent_service: FULL CACHE HIT → skipping processing 

2026-04-10 05:12:09,081 [INFO] app.services.agent_service: Cache hit for hash: 37006eea110258c6e709a952c2af84da
2026-04-10 05:12:09,082 [INFO] app.services.agent_service: FULL CACHE HIT → skipping processing 

2026-04-10 05:12:10,331 [INFO] app.services.agent_service: Cache hit for hash: 94ef2152c17f092f6d755aa2f7e9ca89
2026-04-10 05:12:10,331 [INFO] app.services.agent_service: FULL CACHE HIT → skipping processing 

2026-04-10 05:12:10,457 [INFO] app.services.agent_service: Cache hit for hash: 4f120642825122bbbcc77793bae69bd0
2026-04-10 05:12:10,457 [INFO] app.services.agent_service: FULL CACHE HIT → skipping processing 

2026-04-10 05:12:10,646 [INFO] app.services.agent_service: Cache hit for hash: a129ecf6c6ec9abecdd6c4c8e1c776bb
2026-04-10 05:12:10,646 [INFO] app.services.agent_service: FULL CACHE HIT → skipping processing 

2026-04-10 05:12:10,819 [INFO] app.services.agent_service: Cache hit for hash: 762b3bb4e52fcab7ffb582084c86d6f4
2026-04-10 05:12:10,819 [INFO] app.services.agent_service: FULL CACHE HIT → skipping processing 

2026-04-10 05:12:10,887 [INFO] app.services.agent_service: Invalid text or too short, skipping url: https://jmonline.com.br/polici ... 

2026-04-10 05:12:10,887 [INFO] app.services.agent_service: Irrelevant URL, skipping: https://g1.globo.com/pi/piaui/ ...
2026-04-10 05:12:10,947 [INFO] app.services.agent_service: Invalid text or too short, skipping url: https://jmonline.com.br/polici ... 

2026-04-10 05:12:11,022 [INFO] app.services.agent_service: Invalid text or too short, skipping url: https://www.jmonline.com.br/po ... 

2026-04-10 05:12:11,022 [INFO] app.services.agent_service: Irrelevant URL, skipping: https://g1.globo.com/pi/piaui/ ...
2026-04-10 05:12:11,023 [INFO] app.services.agent_service: Irrelevant URL, skipping: https://g1.globo.com/pi/piaui/ ...
2026-04-10 05:12:11,023 [INFO] app.services.agent_service: Irrelevant URL, skipping: https://www.agorams.com.br/pmr ...
2026-04-10 05:12:11,023 [INFO] app.services.agent_service: Irrelevant URL, skipping: https://g1.globo.com/pi/piaui/ ...
2026-04-10 05:12:11,023 [INFO] app.services.agent_service: Irrelevant URL, skipping: https://g1.globo.com/pi/piaui/ ...
2026-04-10 05:12:11,024 [INFO] app.services.agent_service: Irrelevant URL, skipping: https://g1.globo.com/pi/piaui/ ...
2026-04-10 05:12:11,024 [INFO] app.services.agent_service: Irrelevant URL, skipping: https://jmonline.com.br/polici ...
2026-04-10 05:12:11,024 [INFO] app.services.agent_service: Irrelevant URL, skipping: https://www.jmonline.com.br/po ...
2026-04-10 05:12:11,024 [INFO] app.services.agent_service: Irrelevant URL, skipping: https://www.diariodigital.com. ...
2026-04-10 05:12:11,024 [INFO] app.services.agent_service: Irrelevant URL, skipping: https://g1.globo.com/pi/piaui/ ...
2026-04-10 05:12:11,025 [INFO] app.services.agent_service: Irrelevant URL, skipping: https://g1.globo.com/pi/piaui/ ...
2026-04-10 05:12:11,025 [INFO] app.services.agent_service: Irrelevant URL, skipping: https://g1.globo.com/pi/piaui/ ...
2026-04-10 05:12:11,025 [INFO] app.services.agent_service: Irrelevant URL, skipping: https://www.correio24horas.com ...
2026-04-10 05:12:11,025 [INFO] app.services.agent_service: Irrelevant URL, skipping: https://g1.globo.com/pi/piaui/ ...
2026-04-10 05:12:11,025 [INFO] app.services.agent_service: Irrelevant URL, skipping: https://tnonline.uol.com.br/no ...
2026-04-10 05:12:11,026 [INFO] app.services.agent_service: Irrelevant URL, skipping: https://tnonline.uol.com.br/no ...
2026-04-10 05:12:11,026 [INFO] app.services.agent_service: Irrelevant URL, skipping: https://noticiasdatv.uol.com.b ...
2026-04-10 05:12:11,026 [INFO] app.services.agent_service: Irrelevant URL, skipping: https://regiaonoroeste.com/pol ...
2026-04-10 05:12:11,026 [INFO] app.services.agent_service: Irrelevant URL, skipping: https://g1.globo.com/rs/rio-gr ...
2026-04-10 05:12:11,026 [INFO] app.services.agent_service: Irrelevant URL, skipping: https://www.aplateia.com.br/20 ...
2026-04-10 05:12:11,026 [INFO] app.services.agent_service: Irrelevant URL, skipping: https://g1.globo.com/sp/campin ...
2026-04-10 05:12:11,027 [INFO] app.services.agent_service: Completed. 

2026-04-10 05:13:23,803 [INFO] app.main: Shutting down...
2026-04-10 05:13:33,681 [INFO] app.main: Shutting down...
2026-04-10 05:13:55,762 [INFO] app.main: Shutting down...
2026-04-10 05:14:01,619 [INFO] app.main: Shutting down...
2026-04-10 05:14:09,356 [INFO] app.main: Shutting down...
2026-04-10 05:14:17,113 [INFO] app.main: Shutting down...
2026-04-10 05:14:44,833 [INFO] app.main: Shutting down...
2026-04-10 05:14:57,546 [INFO] app.main: Shutting down...
2026-04-10 05:15:05,145 [INFO] app.main: Shutting down...
2026-04-10 05:15:14,264 [INFO] app.main: Shutting down...
2026-04-10 05:15:35,201 [INFO] app.main: Shutting down...
2026-04-10 05:15:40,767 [INFO] app.main: Shutting down...
2026-04-10 05:17:45,463 [INFO] app.main: Shutting down...
2026-04-10 05:18:01,984 [INFO] app.services.agent_service: Fetching GDELT data and initializing...
2026-04-10 05:18:18,578 [INFO] app.services.agent_service: DB initiated. Agent started at 2026-04-10 05:18:18.578459
2026-04-10 05:18:18,578 [INFO] app.services.agent_service: Total URLs to process: 32
2026-04-10 05:18:18,579 [INFO] app.services.agent_service: Processing: {'https://g1.globo.com/jornal-nacional/noticia/2026/04/04/roubo-de-soja-caminhoneiros-sao-alvos-de-ataques-armados-na-principal-rota-do-maranhao.ghtml'}...
2026-04-10 05:18:20,340 [INFO] app.services.agent_service: Cache hit for hash: fc8feab6bf5e7caf03e58144d4d57f01
2026-04-10 05:18:20,340 [INFO] app.services.agent_service: FULL CACHE HIT → skipping processing 

2026-04-10 05:18:20,341 [INFO] app.services.agent_service: Processing: {'https://imirante.com/noticias/sao-luis/2026/04/05/roubos-de-graos-criminosos-usam-barricadas-para-roubar-cargas-na-br-135-no-maranhao'}...
2026-04-10 05:18:20,963 [INFO] app.services.agent_service: Cache hit for hash: 03011f042c49747bbf6607f30094b5b0
2026-04-10 05:18:20,963 [INFO] app.services.agent_service: FULL CACHE HIT → skipping processing 

2026-04-10 05:18:20,964 [INFO] app.services.agent_service: Processing: {'https://jornalpequeno.com.br/2026/04/05/caminhoneiros-denunciam-ataques-e-roubo-de-soja-na-br-135-no-maranhao/'}...
2026-04-10 05:18:21,071 [INFO] app.services.agent_service: Cache hit for hash: 37006eea110258c6e709a952c2af84da
2026-04-10 05:18:21,071 [INFO] app.services.agent_service: FULL CACHE HIT → skipping processing 

2026-04-10 05:18:21,071 [INFO] app.services.agent_service: Processing: {'https://g1.globo.com/sp/mogi-das-cruzes-suzano/noticia/2026/04/09/trem-bate-em-caminhao-na-estrada-do-taboao-do-paratei-em-mogi.ghtml'}...
2026-04-10 05:18:22,303 [INFO] app.services.agent_service: Cache hit for hash: 94ef2152c17f092f6d755aa2f7e9ca89
2026-04-10 05:18:22,303 [INFO] app.services.agent_service: FULL CACHE HIT → skipping processing 

2026-04-10 05:18:22,304 [INFO] app.services.agent_service: Processing: {'https://a8se.com/noticias/sergipe/prf-recupera-caminhao-adulterado-com-restricao-judicial-na-br-101-em-sergipe/'}...
2026-04-10 05:18:22,410 [INFO] app.services.agent_service: Cache hit for hash: 4f120642825122bbbcc77793bae69bd0
2026-04-10 05:18:22,410 [INFO] app.services.agent_service: FULL CACHE HIT → skipping processing 

2026-04-10 05:18:22,410 [INFO] app.services.agent_service: Processing: {'https://jornalpequeno.com.br/2026/04/03/carga-de-combustivel-roubada-e-recuperada-e-caminhao-localizado-no-interior-do-maranhao/'}...
2026-04-10 05:18:22,600 [INFO] app.services.agent_service: Cache hit for hash: a129ecf6c6ec9abecdd6c4c8e1c776bb
2026-04-10 05:18:22,600 [INFO] app.services.agent_service: FULL CACHE HIT → skipping processing 

2026-04-10 05:18:22,600 [INFO] app.services.agent_service: Processing: {'https://www.em.com.br/gerais/2026/04/7391922-caminhao-com-armas-e-roubado-e-criminosos-fazem-refens-na-grande-bh.html'}...
2026-04-10 05:18:22,762 [INFO] app.services.agent_service: Cache hit for hash: 762b3bb4e52fcab7ffb582084c86d6f4
2026-04-10 05:18:22,762 [INFO] app.services.agent_service: FULL CACHE HIT → skipping processing 

2026-04-10 05:18:22,762 [INFO] app.services.agent_service: Processing: {'https://jmonline.com.br/policia/furto-ousado-caminh-o-com-carga-de-agua-mineral-desaparece-em-uberaba-1.611584'}...
2026-04-10 05:18:22,920 [INFO] app.services.agent_service: Invalid text or too short, skipping url: {'https://jmonline.com.br/policia/furto-ousado-caminh-o-com-carga-de-agua-mineral-desaparece-em-uberaba-1.611584'}...
2026-04-10 05:18:22,921 [INFO] app.services.agent_service: Irrelevant URL, skipping: {'https://g1.globo.com/pi/piaui/noticia/2026/04/07/idoso-morre-amarrado.ghtml'}...
2026-04-10 05:18:22,921 [INFO] app.services.agent_service: Processing: {'https://jmonline.com.br/policia/furto-de-carga-e-registrado-em-posto-na-zona-rural-de-uberaba-1.610000'}...
2026-04-10 05:18:22,980 [INFO] app.services.agent_service: Invalid text or too short, skipping url: {'https://jmonline.com.br/policia/furto-de-carga-e-registrado-em-posto-na-zona-rural-de-uberaba-1.610000'}...
2026-04-10 05:18:22,980 [INFO] app.services.agent_service: Processing: {'https://www.jmonline.com.br/policia/furto-de-carga-e-registrado-em-posto-na-zona-rural-de-uberaba-1.610000'}...
2026-04-10 05:18:23,067 [INFO] app.services.agent_service: Invalid text or too short, skipping url: {'https://www.jmonline.com.br/policia/furto-de-carga-e-registrado-em-posto-na-zona-rural-de-uberaba-1.610000'}...
2026-04-10 05:18:23,068 [INFO] app.services.agent_service: Irrelevant URL, skipping: {'https://g1.globo.com/pi/piaui/noticia/2026/04/07/pf-operacao-trafico-interestadual-de-drogas.ghtml'}...
2026-04-10 05:18:23,069 [INFO] app.services.agent_service: Irrelevant URL, skipping: {'https://g1.globo.com/pi/piaui/noticia/2026/04/08/jovem-morre-moto.ghtml'}...
2026-04-10 05:18:23,069 [INFO] app.services.agent_service: Irrelevant URL, skipping: {'https://www.agorams.com.br/pmr-recupera-veiculo-furtado-e-prende-dois-autores-na-ms-162-em-maracaju/'}...
2026-04-10 05:18:23,069 [INFO] app.services.agent_service: Irrelevant URL, skipping: {'https://g1.globo.com/pi/piaui/noticia/2026/04/07/adolescente-apreendido-acidente.ghtml'}...
2026-04-10 05:18:23,070 [INFO] app.services.agent_service: Irrelevant URL, skipping: {'https://g1.globo.com/pi/piaui/noticia/2026/04/08/suspeitos-desaparecimento-motorista-presos.ghtml'}...
2026-04-10 05:18:23,070 [INFO] app.services.agent_service: Irrelevant URL, skipping: {'https://g1.globo.com/pi/piaui/noticia/2026/04/07/operacao-pascoa-multas.ghtml'}...
2026-04-10 05:18:23,072 [INFO] app.services.agent_service: Irrelevant URL, skipping: {'https://jmonline.com.br/policia/caminh-o-carregado-com-15-toneladas-de-arroz-e-furtado-nos-parque-das-americas-em-uberaba-1.610005'}...
2026-04-10 05:18:23,073 [INFO] app.services.agent_service: Irrelevant URL, skipping: {'https://www.jmonline.com.br/policia/caminh-o-carregado-com-15-toneladas-de-arroz-e-furtado-nos-parque-das-americas-em-uberaba-1.610005'}...
2026-04-10 05:18:23,073 [INFO] app.services.agent_service: Irrelevant URL, skipping: {'https://www.diariodigital.com.br/policia-2/policia-civil-apreende-quase-3-toneladas-de-maconha-em-mundo-novo'}...
2026-04-10 05:18:23,073 [INFO] app.services.agent_service: Irrelevant URL, skipping: {'https://g1.globo.com/pi/piaui/noticia/2026/04/07/cachorro-morto-enforcado.ghtml'}...
2026-04-10 05:18:23,074 [INFO] app.services.agent_service: Irrelevant URL, skipping: {'https://g1.globo.com/pi/piaui/noticia/2026/04/07/suspeito-furto-denuncia.ghtml'}...
2026-04-10 05:18:23,074 [INFO] app.services.agent_service: Irrelevant URL, skipping: {'https://g1.globo.com/pi/piaui/noticia/2026/04/04/fugitivos-penitenciaria-parnaiba.ghtml'}...
2026-04-10 05:18:23,074 [INFO] app.services.agent_service: Irrelevant URL, skipping: {'https://www.correio24horas.com.br/minha-bahia/semaforos-vandalizados-geram-mais-de-r-1-milhao-de-prejuizo-em-salvador-0426'}...
2026-04-10 05:18:23,074 [INFO] app.services.agent_service: Irrelevant URL, skipping: {'https://g1.globo.com/pi/piaui/noticia/2026/04/03/passageira-pede-escolta.ghtml'}...
2026-04-10 05:18:23,075 [INFO] app.services.agent_service: Irrelevant URL, skipping: {'https://tnonline.uol.com.br/noticias/parana/novos-blindados-para-as-forcas-policiais-comecam-a-chegar-no-pr-1079495'}...
2026-04-10 05:18:23,075 [INFO] app.services.agent_service: Irrelevant URL, skipping: {'https://tnonline.uol.com.br/noticias/parana/falsos-policiais-interceptam-onibus-na-br-277-e-assaltam-45-passageiros-no-parana-1078762'}...
2026-04-10 05:18:23,075 [INFO] app.services.agent_service: Irrelevant URL, skipping: {'https://noticiasdatv.uol.com.br/noticia/novelas/paulinho-sofre-grande-injustica-e-e-denunciado-a-corregedoria-em-tres-gracas-149683'}...
2026-04-10 05:18:23,076 [INFO] app.services.agent_service: Irrelevant URL, skipping: {'https://regiaonoroeste.com/policia-civil-desarticula-quadrilha-especializada-em-clonagem-de-veiculos-em-birigui/'}...
2026-04-10 05:18:23,078 [INFO] app.services.agent_service: Irrelevant URL, skipping: {'https://g1.globo.com/rs/rio-grande-do-sul/noticia/2026/04/07/da-espessura-ao-ponto-churrasqueiro-gaucho-da-dicas-de-como-comprar-preparar-e-servir-picanha-eleita-um-dos-melhores-pratos-do-mundo.ghtml'}...
2026-04-10 05:18:23,078 [INFO] app.services.agent_service: Irrelevant URL, skipping: {'https://www.aplateia.com.br/2026/04/prf-registra-queda-de-acidentes-e-alta-nas-autuacoes-durante-a-semana-santa/'}...
2026-04-10 05:18:23,078 [INFO] app.services.agent_service: Irrelevant URL, skipping: {'https://g1.globo.com/sp/campinas-regiao/noticia/2026/04/07/guarda-de-indaiatuba-preso-por-sequestro-se-apresentou-como-policial-e-apontou-arma-para-influenciador-aponta-investigacao.ghtml'}...
2026-04-10 05:18:23,082 [INFO] app.services.agent_service: Completed. 

2026-04-10 05:20:25,063 [INFO] app.main: Shutting down...
2026-04-10 05:20:50,457 [INFO] app.main: Shutting down...
2026-04-10 05:21:43,613 [INFO] app.main: Shutting down...
2026-04-10 05:21:51,036 [INFO] app.main: Shutting down...
2026-04-10 05:21:55,106 [INFO] app.main: Shutting down...
2026-04-10 05:22:04,125 [INFO] app.main: Shutting down...
2026-04-10 05:22:07,724 [INFO] app.main: Shutting down...
2026-04-10 05:22:24,569 [INFO] app.main: Shutting down...
2026-04-10 05:22:35,649 [INFO] app.main: Shutting down...
2026-04-10 05:22:45,598 [INFO] app.main: Shutting down...
2026-04-10 05:22:49,693 [INFO] app.main: Shutting down...
2026-04-10 05:23:00,079 [INFO] app.main: Shutting down...
2026-04-10 05:23:08,463 [INFO] app.main: Shutting down...
2026-04-10 05:23:21,618 [INFO] app.main: Shutting down...
2026-04-10 05:23:46,653 [INFO] app.main: Shutting down...
2026-04-10 05:26:28,992 [INFO] app.services.agent_service: Fetching GDELT data and initializing...
2026-04-10 05:26:51,632 [INFO] app.services.agent_service: DB initiated. Agent started at 2026-04-10 05:26:51.632846
2026-04-10 05:26:51,633 [INFO] app.services.agent_service: Total URLs to process: 32
2026-04-10 05:26:51,633 [INFO] app.services.agent_service: Processing: https://g1.globo.com/jornal-nacional/noticia/2026/04/04/roubo-de-soja-caminhoneiros-sao-alvos-de-ataques-armados-na-principal-rota-do-maranhao.ghtml
2026-04-10 05:26:53,730 [INFO] app.services.agent_service: Cache hit for hash: fc8feab6bf5e7caf03e58144d4d57f01
2026-04-10 05:26:53,731 [INFO] app.services.agent_service: FULL CACHE HIT → skipping processing 

2026-04-10 05:26:53,731 [INFO] app.services.agent_service: Processing: https://imirante.com/noticias/sao-luis/2026/04/05/roubos-de-graos-criminosos-usam-barricadas-para-roubar-cargas-na-br-135-no-maranhao
2026-04-10 05:26:54,399 [INFO] app.services.agent_service: Cache hit for hash: 03011f042c49747bbf6607f30094b5b0
2026-04-10 05:26:54,399 [INFO] app.services.agent_service: FULL CACHE HIT → skipping processing 

2026-04-10 05:26:54,400 [INFO] app.services.agent_service: Processing: https://jornalpequeno.com.br/2026/04/05/caminhoneiros-denunciam-ataques-e-roubo-de-soja-na-br-135-no-maranhao/
2026-04-10 05:26:54,600 [INFO] app.services.agent_service: Cache hit for hash: 37006eea110258c6e709a952c2af84da
2026-04-10 05:26:54,600 [INFO] app.services.agent_service: FULL CACHE HIT → skipping processing 

2026-04-10 05:26:54,600 [INFO] app.services.agent_service: Processing: https://g1.globo.com/sp/mogi-das-cruzes-suzano/noticia/2026/04/09/trem-bate-em-caminhao-na-estrada-do-taboao-do-paratei-em-mogi.ghtml
2026-04-10 05:26:55,836 [INFO] app.services.agent_service: Cache hit for hash: 94ef2152c17f092f6d755aa2f7e9ca89
2026-04-10 05:26:55,837 [INFO] app.services.agent_service: FULL CACHE HIT → skipping processing 

2026-04-10 05:26:55,837 [INFO] app.services.agent_service: Processing: https://a8se.com/noticias/sergipe/prf-recupera-caminhao-adulterado-com-restricao-judicial-na-br-101-em-sergipe/
2026-04-10 05:26:56,003 [INFO] app.services.agent_service: Cache hit for hash: 4f120642825122bbbcc77793bae69bd0
2026-04-10 05:26:56,003 [INFO] app.services.agent_service: FULL CACHE HIT → skipping processing 

2026-04-10 05:26:56,004 [INFO] app.services.agent_service: Processing: https://jornalpequeno.com.br/2026/04/03/carga-de-combustivel-roubada-e-recuperada-e-caminhao-localizado-no-interior-do-maranhao/
2026-04-10 05:26:56,215 [INFO] app.services.agent_service: Cache hit for hash: a129ecf6c6ec9abecdd6c4c8e1c776bb
2026-04-10 05:26:56,215 [INFO] app.services.agent_service: FULL CACHE HIT → skipping processing 

2026-04-10 05:26:56,215 [INFO] app.services.agent_service: Processing: https://www.em.com.br/gerais/2026/04/7391922-caminhao-com-armas-e-roubado-e-criminosos-fazem-refens-na-grande-bh.html
2026-04-10 05:26:56,492 [INFO] app.services.agent_service: Cache hit for hash: 762b3bb4e52fcab7ffb582084c86d6f4
2026-04-10 05:26:56,493 [INFO] app.services.agent_service: FULL CACHE HIT → skipping processing 

2026-04-10 05:26:56,493 [INFO] app.services.agent_service: Processing: https://jmonline.com.br/policia/furto-ousado-caminh-o-com-carga-de-agua-mineral-desaparece-em-uberaba-1.611584
2026-04-10 05:26:56,554 [INFO] app.services.agent_service: Invalid text or too short, skipping url: https://jmonline.com.br/policia/furto-ousado-caminh-o-com-carga-de-agua-mineral-desaparece-em-uberaba-1.611584
2026-04-10 05:26:56,555 [INFO] app.services.agent_service: Irrelevant URL, skipping: https://g1.globo.com/pi/piaui/noticia/2026/04/07/idoso-morre-amarrado.ghtml
2026-04-10 05:26:56,555 [INFO] app.services.agent_service: Processing: https://jmonline.com.br/policia/furto-de-carga-e-registrado-em-posto-na-zona-rural-de-uberaba-1.610000
2026-04-10 05:26:56,607 [INFO] app.services.agent_service: Invalid text or too short, skipping url: https://jmonline.com.br/policia/furto-de-carga-e-registrado-em-posto-na-zona-rural-de-uberaba-1.610000
2026-04-10 05:26:56,607 [INFO] app.services.agent_service: Processing: https://www.jmonline.com.br/policia/furto-de-carga-e-registrado-em-posto-na-zona-rural-de-uberaba-1.610000
2026-04-10 05:26:56,777 [INFO] app.services.agent_service: Invalid text or too short, skipping url: https://www.jmonline.com.br/policia/furto-de-carga-e-registrado-em-posto-na-zona-rural-de-uberaba-1.610000
2026-04-10 05:26:56,777 [INFO] app.services.agent_service: Irrelevant URL, skipping: https://g1.globo.com/pi/piaui/noticia/2026/04/07/pf-operacao-trafico-interestadual-de-drogas.ghtml
2026-04-10 05:26:56,777 [INFO] app.services.agent_service: Irrelevant URL, skipping: https://g1.globo.com/pi/piaui/noticia/2026/04/08/jovem-morre-moto.ghtml
2026-04-10 05:26:56,778 [INFO] app.services.agent_service: Irrelevant URL, skipping: https://www.agorams.com.br/pmr-recupera-veiculo-furtado-e-prende-dois-autores-na-ms-162-em-maracaju/
2026-04-10 05:26:56,778 [INFO] app.services.agent_service: Irrelevant URL, skipping: https://g1.globo.com/pi/piaui/noticia/2026/04/07/adolescente-apreendido-acidente.ghtml
2026-04-10 05:26:56,778 [INFO] app.services.agent_service: Irrelevant URL, skipping: https://g1.globo.com/pi/piaui/noticia/2026/04/08/suspeitos-desaparecimento-motorista-presos.ghtml
2026-04-10 05:26:56,778 [INFO] app.services.agent_service: Irrelevant URL, skipping: https://g1.globo.com/pi/piaui/noticia/2026/04/07/operacao-pascoa-multas.ghtml
2026-04-10 05:26:56,778 [INFO] app.services.agent_service: Irrelevant URL, skipping: https://jmonline.com.br/policia/caminh-o-carregado-com-15-toneladas-de-arroz-e-furtado-nos-parque-das-americas-em-uberaba-1.610005
2026-04-10 05:26:56,779 [INFO] app.services.agent_service: Irrelevant URL, skipping: https://www.jmonline.com.br/policia/caminh-o-carregado-com-15-toneladas-de-arroz-e-furtado-nos-parque-das-americas-em-uberaba-1.610005
2026-04-10 05:26:56,779 [INFO] app.services.agent_service: Irrelevant URL, skipping: https://www.diariodigital.com.br/policia-2/policia-civil-apreende-quase-3-toneladas-de-maconha-em-mundo-novo
2026-04-10 05:26:56,779 [INFO] app.services.agent_service: Irrelevant URL, skipping: https://g1.globo.com/pi/piaui/noticia/2026/04/07/cachorro-morto-enforcado.ghtml
2026-04-10 05:26:56,779 [INFO] app.services.agent_service: Irrelevant URL, skipping: https://g1.globo.com/pi/piaui/noticia/2026/04/07/suspeito-furto-denuncia.ghtml
2026-04-10 05:26:56,779 [INFO] app.services.agent_service: Irrelevant URL, skipping: https://g1.globo.com/pi/piaui/noticia/2026/04/04/fugitivos-penitenciaria-parnaiba.ghtml
2026-04-10 05:26:56,780 [INFO] app.services.agent_service: Irrelevant URL, skipping: https://www.correio24horas.com.br/minha-bahia/semaforos-vandalizados-geram-mais-de-r-1-milhao-de-prejuizo-em-salvador-0426
2026-04-10 05:26:56,780 [INFO] app.services.agent_service: Irrelevant URL, skipping: https://g1.globo.com/pi/piaui/noticia/2026/04/03/passageira-pede-escolta.ghtml
2026-04-10 05:26:56,780 [INFO] app.services.agent_service: Irrelevant URL, skipping: https://tnonline.uol.com.br/noticias/parana/novos-blindados-para-as-forcas-policiais-comecam-a-chegar-no-pr-1079495
2026-04-10 05:26:56,780 [INFO] app.services.agent_service: Irrelevant URL, skipping: https://tnonline.uol.com.br/noticias/parana/falsos-policiais-interceptam-onibus-na-br-277-e-assaltam-45-passageiros-no-parana-1078762
2026-04-10 05:26:56,781 [INFO] app.services.agent_service: Irrelevant URL, skipping: https://noticiasdatv.uol.com.br/noticia/novelas/paulinho-sofre-grande-injustica-e-e-denunciado-a-corregedoria-em-tres-gracas-149683
2026-04-10 05:26:56,781 [INFO] app.services.agent_service: Irrelevant URL, skipping: https://regiaonoroeste.com/policia-civil-desarticula-quadrilha-especializada-em-clonagem-de-veiculos-em-birigui/
2026-04-10 05:26:56,781 [INFO] app.services.agent_service: Irrelevant URL, skipping: https://g1.globo.com/rs/rio-grande-do-sul/noticia/2026/04/07/da-espessura-ao-ponto-churrasqueiro-gaucho-da-dicas-de-como-comprar-preparar-e-servir-picanha-eleita-um-dos-melhores-pratos-do-mundo.ghtml
2026-04-10 05:26:56,781 [INFO] app.services.agent_service: Irrelevant URL, skipping: https://www.aplateia.com.br/2026/04/prf-registra-queda-de-acidentes-e-alta-nas-autuacoes-durante-a-semana-santa/
2026-04-10 05:26:56,781 [INFO] app.services.agent_service: Irrelevant URL, skipping: https://g1.globo.com/sp/campinas-regiao/noticia/2026/04/07/guarda-de-indaiatuba-preso-por-sequestro-se-apresentou-como-policial-e-apontou-arma-para-influenciador-aponta-investigacao.ghtml
2026-04-10 05:26:56,782 [INFO] app.services.agent_service: Completed. 

